[77385:259:0313/145655.416785:INFO:chrome_browser_cloud_management_controller.cc(196)] No machine level policy manager exists.
[77391:259:0313/145655.586163:WARNING:viz_main_impl.cc(85)] VizNullHypothesis is disabled (not a warning)
[77385:259:0313/145656.660540:INFO:CONSOLE(648)] "%c%s color:teal;font-size:24px Si estás desarrollando una extensión de Meet, te recomendamos que crees un complemento en su lugar.", source: https://meet.google.com/_/scs/mss-static/_/js/k=boq-rtc.MeetingsUi.es_419.YIF7r0IbO_k.2020.O/am=bt4HAAAAhIAAmEPAACAAAAgBgRkAEFEAwRMGYADkwQEQwAAAAAAAWJICQgAAgCAJAAAAoAO4MMIABIAB/d=1/excm=_b,_tp,calldesktoppageview/ed=1/dg=0/wt=2/ujg=1/rs=AL5CKSHDNxktzcjYh6fUd6r3KAx9djZtuA/m=_b,_tp?wli=MeetingsUi.UQXc0fDD8eQ.loadAudioAnalyzer.O%3A%3BMeetingsUi.JyPCFxi88JU.loadNetEqLyraWrapper.O%3A%3BMeetingsUi.FZolhQ_o0c8.loadNetEqWrapper.O%3A%3B (648)
[77385:259:0313/145656.660745:INFO:CONSOLE(648)] "%c%s color:teal;font-size:16px Las extensiones suelen causar problemas a los usuarios porque alteran la página.", source: https://meet.google.com/_/scs/mss-static/_/js/k=boq-rtc.MeetingsUi.es_419.YIF7r0IbO_k.2020.O/am=bt4HAAAAhIAAmEPAACAAAAgBgRkAEFEAwRMGYADkwQEQwAAAAAAAWJICQgAAgCAJAAAAoAO4MMIABIAB/d=1/excm=_b,_tp,calldesktoppageview/ed=1/dg=0/wt=2/ujg=1/rs=AL5CKSHDNxktzcjYh6fUd6r3KAx9djZtuA/m=_b,_tp?wli=MeetingsUi.UQXc0fDD8eQ.loadAudioAnalyzer.O%3A%3BMeetingsUi.JyPCFxi88JU.loadNetEqLyraWrapper.O%3A%3BMeetingsUi.FZolhQ_o0c8.loadNetEqWrapper.O%3A%3B (648)
[77385:259:0313/145656.660761:INFO:CONSOLE(649)] "%c%s font-size:16px https://developers.google.com/meet/add-ons", source: https://meet.google.com/_/scs/mss-static/_/js/k=boq-rtc.MeetingsUi.es_419.YIF7r0IbO_k.2020.O/am=bt4HAAAAhIAAmEPAACAAAAgBgRkAEFEAwRMGYADkwQEQwAAAAAAAWJICQgAAgCAJAAAAoAO4MMIABIAB/d=1/excm=_b,_tp,calldesktoppageview/ed=1/dg=0/wt=2/ujg=1/rs=AL5CKSHDNxktzcjYh6fUd6r3KAx9djZtuA/m=_b,_tp?wli=MeetingsUi.UQXc0fDD8eQ.loadAudioAnalyzer.O%3A%3BMeetingsUi.JyPCFxi88JU.loadNetEqLyraWrapper.O%3A%3BMeetingsUi.FZolhQ_o0c8.loadNetEqWrapper.O%3A%3B (649)
[77385:259:0313/145656.669701:INFO:CONSOLE(577)] "%c%s color: red; background: yellow; font-size: 24px; ADVERTENCIA", source: https://meet.google.com/_/scs/mss-static/_/js/k=boq-rtc.MeetingsUi.es_419.YIF7r0IbO_k.2020.O/am=bt4HAAAAhIAAmEPAACAAAAgBgRkAEFEAwRMGYADkwQEQwAAAAAAAWJICQgAAgCAJAAAAoAO4MMIABIAB/d=1/excm=_b,_tp,calldesktoppageview/ed=1/dg=0/wt=2/ujg=1/rs=AL5CKSHDNxktzcjYh6fUd6r3KAx9djZtuA/m=_b,_tp?wli=MeetingsUi.UQXc0fDD8eQ.loadAudioAnalyzer.O%3A%3BMeetingsUi.JyPCFxi88JU.loadNetEqLyraWrapper.O%3A%3BMeetingsUi.FZolhQ_o0c8.loadNetEqWrapper.O%3A%3B (577)
[77385:259:0313/145656.669750:INFO:CONSOLE(577)] "%c%s font-size: 18px; Si usas esta consola, un atacante podría suplantar tu identidad y robar tu información a través de un ataque llamado Self-XSS.
No ingreses ni pegues ningún código que no entiendas.", source: https://meet.google.com/_/scs/mss-static/_/js/k=boq-rtc.MeetingsUi.es_419.YIF7r0IbO_k.2020.O/am=bt4HAAAAhIAAmEPAACAAAAgBgRkAEFEAwRMGYADkwQEQwAAAAAAAWJICQgAAgCAJAAAAoAO4MMIABIAB/d=1/excm=_b,_tp,calldesktoppageview/ed=1/dg=0/wt=2/ujg=1/rs=AL5CKSHDNxktzcjYh6fUd6r3KAx9djZtuA/m=_b,_tp?wli=MeetingsUi.UQXc0fDD8eQ.loadAudioAnalyzer.O%3A%3BMeetingsUi.JyPCFxi88JU.loadNetEqLyraWrapper.O%3A%3BMeetingsUi.FZolhQ_o0c8.loadNetEqWrapper.O%3A%3B (577)
[77399:58883:0313/145657.169734:INFO:peer_connection_dependency_factory.cc(802)] Running WebRTC with a combined Network and Worker thread.
[77399:58883:0313/145657.177110:WARNING:codec.cc(386)] Explicitly added H264 constrained baseline to list of supported formats.
[77385:259:0313/145657.309391:INFO:CONSOLE(4245)] "Uncaught (in promise) ConnectError: startupCode: 200, error = {
  statusCode = 403
  status = {
    xj = {
      0 = 7
      1 = "The caller does not have permission"
      closure_uid_923476855 = 16
    }
    closure_uid_923476855 = 15
    xc = "v3Bbmc"
    Gee = {
      closure_uid_923476855 = 17
    }
  }
  extraData = {
    Pxb = 39
    hRa = undefined
    closure_uid_923476855 = 18
  }
  name = "GrpcErrorResponse"
  headers = {
    alt-svc = "h3=":443"; ma=2592000,h3-29=":443"; ma=2592000"
    content-encoding = "gzip"
    content-length = "59"
    content-type = "application/x-protobuf"
    date = "Thu, 13 Mar 2025 17:56:57 GMT"
    server = "ESF"
    vary = "Origin, X-Origin, Referer"
    x-content-type-options = "nosniff"
    x-frame-options = "SAMEORIGIN"
    x-l2-request-path = "l2-managed-9"
    x-xss-protection = "0"
    closure_uid_923476855 = 19
  }
  closure_uid_923476855 = 14
}", source: https://meet.google.com/_/scs/mss-static/_/js/k=boq-rtc.MeetingsUi.es_419.YIF7r0IbO_k.2020.O/ck=boq-rtc.MeetingsUi.M_sTMMVZo40.L.B1.O/am=bt4HAAAAhIAAmEPAACAAAAgBgRkAEFEAwRMGYADkwQEQwAAAAAAAWJICQgAAgCAJAAAAoAO4MMIABIAB/d=1/exm=LEikZe,_b,_tp,byfTOb,lsjVmc/excm=_b,_tp,calldesktoppageview/ed=1/wt=2/ujg=1/rs=AL5CKSHuqMcsfoPBkn9VmMKCQLzH9f5tTg/ee=AM9HZd:vCak4b;BRmVff:HS5Yaf;BjCzpe:Yvr34d;Bnf5Lc:iPDrZd;CDC4qf:q6fE0e;CMRktf:sGrqec;DGWCxb:CgYiQ;E1tgbf:hMxPK;EAoUvb:aKikzb;EVNhjf:pw70Gc;EfKZq:QO2YB;EmZ2Bf:zr1jrb;GKUnZb:WNRENb;GmdGTd:Ct4wsb;IXc14:VZgraf;J9XQCb:ojlpPe;JLGZx:oSnDHf;JsINff:yeaFZ;JsbNhc:Xd8iUd;K5nYTd:ZDZcre;KKym4b:dTTbnb;KNpT6b:iSCite;KgXQpf:pQJdrb;LBgRLc:SdcwHb;LQJKcd:WuS5Ye;MJ6mxb:ubdYZ;Me32dd:MEeYgc;N8ehxe:AKukpf;NAHCGe:mxiOOb;NPKaK:SdcwHb;NSEoX:lazG7b;OOoYAb:Oj9pPe;PRDQhf:ux3mLc;PgXDBd:dm1dhc;Pjplud:EEDORb;QGR0gd:Mlhmy;QhhnXd:UqJYYe;RRwdt:gGRuRe;RYWUUc:anescc;Rh5nIc:JScXmc;SIjcAd:jrKD8b;SL22ab:CBRamd;SNUn3:ZwDk9d;SVOR2e:RqS4qe;SVvzme:BPB8ib;ScI3Yc:e7Hzgb;TB8xhd:AGa58c;ULs67c:bdUBJc;Up9aO:kY43Sc;Uvc8o:VDovNc;V7j7Sb:stsTjb;VJwZIe:q5U1uf;X6zUkd:u0z0vd;XSYl9e:GNVVIb;YBlgBf:LMo5Id;YIZmRd:A1yn5d;Ycdno:rkQZze;YfZO5c:CVuqWd;ZE1Tgd:kZF9ne;ZGeKvd:rb5w8b;ZaFVgc:wOWhl;ZjyI3e:W2v6fc;a56pNe:JEfCwb;aPdIxb:F52gIc;bS8oAe:Kimhwf;brg6Gd:TlvL3b;cEt90b:ws9Tlc;cFl0Ie:PWJipc;cJj1Kd:A5k23d;cYTQve:GhXhl;cgbTHc:G8ycZ;dDPGef:IiQq4e;dIoSBb:SpsfSb;dYFttf:ZRxAzc;dowIGb:ebZ3mb;eBAeSb:zbML3c;esl3oe:Qz2vJf;fdbGyc:uIig3b;g2wfV:DcDVld;gAClPb:ghdkwd;giw6qf:E7GzYd;hgud7d:GNh0Qc;hoquJe:EjBUIf;iFQyKf:QIhFr;iKsOgb:cWjcJb;jRrT5d:EHUI2d;jtBjNe:dWHZee;kNqx7b:gzp7wb;kqpyR:qIJF2;l4RAwd:h5Fnie;l6twR:Fvyyad;lJ7cgb:Erp0q;lOO0Vd:OTA3Ae;lx9iFf:nVFiIc;m4bwx:htQxyf;nAFL3:s39S4;oFd48c:l7VM1e;oGtAuc:sOXFj;p0iB4:VQhtq;pXdRYb:MdUzUe;qSBODf:H8X5pc;qafBPd:yDVVkb;qddgKe:xQtZb;qgOdad:vko54d;rUAape:NePQb;rWx8Cc:DxgUF;rarsed:Mb2qyd;rpiri:tZyrxe;sgnAWd:HkSoT;ssiZFc:BhQ85d;vKM7Jb:cWjcJb;w1T0Td:xpWMVc;wR5FRb:O1Gjze;x2i2de:zeWni;x4CZme:lCtfC;xbOSgd:e5G55;xqZiqf:wmnU7d;ye9FMd:KC9GA;yxTchf:KUM7Z;zBvUNc:fT8Mbb;zJxI2:kxz7Nb;zxnPse:GkRiKb/m=ws9Tlc,n73qwf,GkRiKb,e5qFLc,IZT63,UUJqVe,O1Gjze,xUdipf,ZDZcre,OTA3Ae,ZwDk9d,RyvaUb,mI3LFb,XU5LFb,m9oV,hl,P6sQOc,QcfBve,mzzZzc,rCcCxc,mSX26d,WO9ee,JGjVRe,en2VH,ALJJub,ncpZGe,kRDR8c,H9H6ie,sszRX,FU117c,QQnX0,uHu91b,kgMFLe,hKCjub,CJeEuc,O6y8ed,PrPYRd,MpJwZc,NwH0H,V3dDOb,lazG7b,Ivl8bd,g9HNd,XVMNvd,L1AAkb,KUM7Z,Fl2dbf,s39S4,lwddkf,gychg,w9hDv,RMhBfe,SdcwHb,aW3pY,texUgd,pw70Gc,EFQ78c,Ulmmrd,A7fCU,mdR7q,wmnU7d,xQtZb,FSOnAf,gJzDyc,JNoxi,MI6k7c,kjKdXe,BVgquf,QIhFr,lfpdyf,hKSk3e,hc6Ubd,SpsfSb,Z5uLle,MdUzUe,zbML3c,zr1jrb,Uas9Hd,pjICDe?wli=MeetingsUi.UQXc0fDD8eQ.loadAudioAnalyzer.O%3A%3BMeetingsUi.JyPCFxi88JU.loadNetEqLyraWrapper.O%3A%3BMeetingsUi.FZolhQ_o0c8.loadNetEqWrapper.O%3A%3B (4245)
[77385:259:0313/145657.364971:INFO:CONSOLE(617)] "Uncaught (in promise) ConnectError: startupCode: 200, error = {
  statusCode = 403
  status = {
    xj = {
      0 = 7
      1 = "The caller does not have permission"
      closure_uid_923476855 = 16
    }
    closure_uid_923476855 = 15
    xc = "v3Bbmc"
    Gee = {
      closure_uid_923476855 = 17
    }
  }
  extraData = {
    Pxb = 39
    hRa = undefined
    closure_uid_923476855 = 18
  }
  name = "GrpcErrorResponse"
  headers = {
    alt-svc = "h3=":443"; ma=2592000,h3-29=":443"; ma=2592000"
    content-encoding = "gzip"
    content-length = "59"
    content-type = "application/x-protobuf"
    date = "Thu, 13 Mar 2025 17:56:57 GMT"
    server = "ESF"
    vary = "Origin, X-Origin, Referer"
    x-content-type-options = "nosniff"
    x-frame-options = "SAMEORIGIN"
    x-l2-request-path = "l2-managed-9"
    x-xss-protection = "0"
    closure_uid_923476855 = 19
  }
  closure_uid_923476855 = 14
}", source: https://meet.google.com/_/scs/mss-static/_/js/k=boq-rtc.MeetingsUi.es_419.YIF7r0IbO_k.2020.O/ck=boq-rtc.MeetingsUi.M_sTMMVZo40.L.B1.O/am=bt4HAAAAhIAAmEPAACAAAAgBgRkAEFEAwRMGYADkwQEQwAAAAAAAWJICQgAAgCAJAAAAoAO4MMIABIAB/d=1/exm=A4UTCb,A5iG7e,A7fCU,ALJJub,Af18Qe,Af2VCc,AqUZy,BVgquf,CDstLe,CJeEuc,CrPWbe,DqbA0b,EFQ78c,EmRN4e,FSOnAf,FU117c,Fl2dbf,GJVpQd,GkRiKb,H9H6ie,I4aMuc,IHpeje,INwHbf,IZT63,Ivl8bd,J9PVmc,JGjVRe,JNoxi,K4NgS,KMpyYe,KUM7Z,KoMQTe,L1AAkb,LBaJxb,LEikZe,LvGhrf,MH0hJe,MI6k7c,MVkoYc,MdUzUe,MpJwZc,NwH0H,O1Gjze,O626Fe,O6y8ed,OMHQQd,OTA3Ae,Ot0YQ,P6sQOc,P8eaqc,PAXA6c,PkooVe,PrPYRd,QIBHcd,QIhFr,QOUFuc,QQnX0,QcfBve,Qx89kd,R1C50e,RAnnUd,RMhBfe,RiINWe,RqjULd,RwrTe,RyvaUb,SdcwHb,SpsfSb,UUJqVe,Uas9Hd,UcUJif,Ulmmrd,V3dDOb,VXdfxd,W4c4Lb,WO9ee,WdGZAb,XCoqFe,XU5LFb,XVMNvd,XhPxYe,Z5uLle,ZDZcre,Zj6VZd,ZwDk9d,_b,_tp,aCBidb,aW3pY,byfTOb,cQllkb,ceF0cf,cfcnLe,d8M4Mc,dtQcwe,dtT8pd,dyDNGc,e2jnoe,e5qFLc,en2VH,fjbyL,g9HNd,gJzDyc,gychg,hIO81e,hItSFb,hKCjub,hKSk3e,hS0dzd,hc6Ubd,hl,i8oNZb,ix2CXc,kRDR8c,keNb9b,kgMFLe,kjKdXe,lazG7b,lfpdyf,lsjVmc,lwddkf,m9oV,mI3LFb,mSX26d,mdR7q,mzzZzc,n73qwf,ncpZGe,nokbA,o72XM,oJz28e,oL8w7b,oNfeAd,oSEAfc,oc9Zo,p3hmRc,pA398e,pjICDe,pvxRAf,pw70Gc,q0xTif,q54pYe,qUYJve,rCcCxc,rm2zn,s39S4,sOXFj,sszRX,tLr4ud,texUgd,uHu91b,v3i0Z,vcMNpd,vyDpFd,w4Dafe,w9hDv,wdAvhd,wmnU7d,ws9Tlc,xQtZb,xUdipf,xXfMPe,yf5KH,zH4D3d,zbML3c,zj6ZKd,zr1jrb/excm=_b,_tp,calldesktoppageview/ed=1/wt=2/ujg=1/rs=AL5CKSHuqMcsfoPBkn9VmMKCQLzH9f5tTg/ee=AM9HZd:vCak4b;BRmVff:HS5Yaf;BjCzpe:Yvr34d;Bnf5Lc:iPDrZd;CDC4qf:q6fE0e;CMRktf:sGrqec;DGWCxb:CgYiQ;E1tgbf:hMxPK;EAoUvb:aKikzb;EVNhjf:pw70Gc;EfKZq:QO2YB;EmZ2Bf:zr1jrb;GKUnZb:WNRENb;GmdGTd:Ct4wsb;IXc14:VZgraf;J9XQCb:ojlpPe;JLGZx:oSnDHf;JsINff:yeaFZ;JsbNhc:Xd8iUd;K5nYTd:ZDZcre;KKym4b:dTTbnb;KNpT6b:iSCite;KgXQpf:pQJdrb;LBgRLc:SdcwHb;LQJKcd:WuS5Ye;MJ6mxb:ubdYZ;Me32dd:MEeYgc;N8ehxe:AKukpf;NAHCGe:mxiOOb;NPKaK:SdcwHb;NSEoX:lazG7b;OOoYAb:Oj9pPe;PRDQhf:ux3mLc;PgXDBd:dm1dhc;Pjplud:EEDORb;QGR0gd:Mlhmy;QhhnXd:UqJYYe;RRwdt:gGRuRe;RYWUUc:anescc;Rh5nIc:JScXmc;SIjcAd:jrKD8b;SL22ab:CBRamd;SNUn3:ZwDk9d;SVOR2e:RqS4qe;SVvzme:BPB8ib;ScI3Yc:e7Hzgb;TB8xhd:AGa58c;ULs67c:bdUBJc;Up9aO:kY43Sc;Uvc8o:VDovNc;V7j7Sb:stsTjb;VJwZIe:q5U1uf;X6zUkd:u0z0vd;XSYl9e:GNVVIb;YBlgBf:LMo5Id;YIZmRd:A1yn5d;Ycdno:rkQZze;YfZO5c:CVuqWd;ZE1Tgd:kZF9ne;ZGeKvd:rb5w8b;ZaFVgc:wOWhl;ZjyI3e:W2v6fc;a56pNe:JEfCwb;aPdIxb:F52gIc;bS8oAe:Kimhwf;brg6Gd:TlvL3b;cEt90b:ws9Tlc;cFl0Ie:PWJipc;cJj1Kd:A5k23d;cYTQve:GhXhl;cgbTHc:G8ycZ;dDPGef:IiQq4e;dIoSBb:SpsfSb;dYFttf:ZRxAzc;dowIGb:ebZ3mb;eBAeSb:zbML3c;esl3oe:Qz2vJf;fdbGyc:uIig3b;g2wfV:DcDVld;gAClPb:ghdkwd;giw6qf:E7GzYd;hgud7d:GNh0Qc;hoquJe:EjBUIf;iFQyKf:QIhFr;iKsOgb:cWjcJb;jRrT5d:EHUI2d;jtBjNe:dWHZee;kNqx7b:gzp7wb;kqpyR:qIJF2;l4RAwd:h5Fnie;l6twR:Fvyyad;lJ7cgb:Erp0q;lOO0Vd:OTA3Ae;lx9iFf:nVFiIc;m4bwx:htQxyf;nAFL3:s39S4;oFd48c:l7VM1e;oGtAuc:sOXFj;p0iB4:VQhtq;pXdRYb:MdUzUe;qSBODf:H8X5pc;qafBPd:yDVVkb;qddgKe:xQtZb;qgOdad:vko54d;rUAape:NePQb;rWx8Cc:DxgUF;rarsed:Mb2qyd;rpiri:tZyrxe;sgnAWd:HkSoT;ssiZFc:BhQ85d;vKM7Jb:cWjcJb;w1T0Td:xpWMVc;wR5FRb:O1Gjze;x2i2de:zeWni;x4CZme:lCtfC;xbOSgd:e5G55;xqZiqf:wmnU7d;ye9FMd:KC9GA;yxTchf:KUM7Z;zBvUNc:fT8Mbb;zJxI2:kxz7Nb;zxnPse:GkRiKb/m=yEk6Te,xbDtq,CqZKyc,IC29Ne,FH3f2d,FNEVwb,JTBQeb,EbM8gf,gJHvUb,c4XQ6d?wli=MeetingsUi.UQXc0fDD8eQ.loadAudioAnalyzer.O%3A%3BMeetingsUi.JyPCFxi88JU.loadNetEqLyraWrapper.O%3A%3BMeetingsUi.FZolhQ_o0c8.loadNetEqWrapper.O%3A%3B (617)
[77385:259:0313/145657.365124:INFO:CONSOLE(544)] "Uncaught (in promise) ConnectError: startupCode: 200, error = {
  statusCode = 403
  status = {
    xj = {
      0 = 7
      1 = "The caller does not have permission"
      closure_uid_923476855 = 16
    }
    closure_uid_923476855 = 15
    xc = "v3Bbmc"
    Gee = {
      closure_uid_923476855 = 17
    }
  }
  extraData = {
    Pxb = 39
    hRa = undefined
    closure_uid_923476855 = 18
  }
  name = "GrpcErrorResponse"
  headers = {
    alt-svc = "h3=":443"; ma=2592000,h3-29=":443"; ma=2592000"
    content-encoding = "gzip"
    content-length = "59"
    content-type = "application/x-protobuf"
    date = "Thu, 13 Mar 2025 17:56:57 GMT"
    server = "ESF"
    vary = "Origin, X-Origin, Referer"
    x-content-type-options = "nosniff"
    x-frame-options = "SAMEORIGIN"
    x-l2-request-path = "l2-managed-9"
    x-xss-protection = "0"
    closure_uid_923476855 = 19
  }
  closure_uid_923476855 = 14
}", source: https://meet.google.com/_/scs/mss-static/_/js/k=boq-rtc.MeetingsUi.es_419.YIF7r0IbO_k.2020.O/ck=boq-rtc.MeetingsUi.M_sTMMVZo40.L.B1.O/am=bt4HAAAAhIAAmEPAACAAAAgBgRkAEFEAwRMGYADkwQEQwAAAAAAAWJICQgAAgCAJAAAAoAO4MMIABIAB/d=1/exm=A4UTCb,A5iG7e,A7fCU,ALJJub,Af18Qe,Af2VCc,AqUZy,BVgquf,CDstLe,CJeEuc,CrPWbe,DqbA0b,EFQ78c,EmRN4e,FSOnAf,FU117c,Fl2dbf,GJVpQd,GkRiKb,H9H6ie,I4aMuc,IHpeje,INwHbf,IZT63,Ivl8bd,J9PVmc,JGjVRe,JNoxi,K4NgS,KMpyYe,KUM7Z,KoMQTe,L1AAkb,LBaJxb,LEikZe,LvGhrf,MH0hJe,MI6k7c,MVkoYc,MdUzUe,MpJwZc,NwH0H,O1Gjze,O626Fe,O6y8ed,OMHQQd,OTA3Ae,Ot0YQ,P6sQOc,P8eaqc,PAXA6c,PkooVe,PrPYRd,QIBHcd,QIhFr,QOUFuc,QQnX0,QcfBve,Qx89kd,R1C50e,RAnnUd,RMhBfe,RiINWe,RqjULd,RwrTe,RyvaUb,SdcwHb,SpsfSb,UUJqVe,Uas9Hd,UcUJif,Ulmmrd,V3dDOb,VXdfxd,W4c4Lb,WO9ee,WdGZAb,XCoqFe,XU5LFb,XVMNvd,XhPxYe,Z5uLle,ZDZcre,Zj6VZd,ZwDk9d,_b,_tp,aCBidb,aW3pY,byfTOb,cQllkb,ceF0cf,cfcnLe,d8M4Mc,dtQcwe,dtT8pd,dyDNGc,e2jnoe,e5qFLc,en2VH,fjbyL,g9HNd,gJzDyc,gychg,hIO81e,hItSFb,hKCjub,hKSk3e,hS0dzd,hc6Ubd,hl,i8oNZb,ix2CXc,kRDR8c,keNb9b,kgMFLe,kjKdXe,lazG7b,lfpdyf,lsjVmc,lwddkf,m9oV,mI3LFb,mSX26d,mdR7q,mzzZzc,n73qwf,ncpZGe,nokbA,o72XM,oJz28e,oL8w7b,oNfeAd,oSEAfc,oc9Zo,p3hmRc,pA398e,pjICDe,pvxRAf,pw70Gc,q0xTif,q54pYe,qUYJve,rCcCxc,rm2zn,s39S4,sOXFj,sszRX,tLr4ud,texUgd,uHu91b,v3i0Z,vcMNpd,vyDpFd,w4Dafe,w9hDv,wdAvhd,wmnU7d,ws9Tlc,xQtZb,xUdipf,xXfMPe,yf5KH,zH4D3d,zbML3c,zj6ZKd,zr1jrb/excm=_b,_tp,calldesktoppageview/ed=1/wt=2/ujg=1/rs=AL5CKSHuqMcsfoPBkn9VmMKCQLzH9f5tTg/ee=AM9HZd:vCak4b;BRmVff:HS5Yaf;BjCzpe:Yvr34d;Bnf5Lc:iPDrZd;CDC4qf:q6fE0e;CMRktf:sGrqec;DGWCxb:CgYiQ;E1tgbf:hMxPK;EAoUvb:aKikzb;EVNhjf:pw70Gc;EfKZq:QO2YB;EmZ2Bf:zr1jrb;GKUnZb:WNRENb;GmdGTd:Ct4wsb;IXc14:VZgraf;J9XQCb:ojlpPe;JLGZx:oSnDHf;JsINff:yeaFZ;JsbNhc:Xd8iUd;K5nYTd:ZDZcre;KKym4b:dTTbnb;KNpT6b:iSCite;KgXQpf:pQJdrb;LBgRLc:SdcwHb;LQJKcd:WuS5Ye;MJ6mxb:ubdYZ;Me32dd:MEeYgc;N8ehxe:AKukpf;NAHCGe:mxiOOb;NPKaK:SdcwHb;NSEoX:lazG7b;OOoYAb:Oj9pPe;PRDQhf:ux3mLc;PgXDBd:dm1dhc;Pjplud:EEDORb;QGR0gd:Mlhmy;QhhnXd:UqJYYe;RRwdt:gGRuRe;RYWUUc:anescc;Rh5nIc:JScXmc;SIjcAd:jrKD8b;SL22ab:CBRamd;SNUn3:ZwDk9d;SVOR2e:RqS4qe;SVvzme:BPB8ib;ScI3Yc:e7Hzgb;TB8xhd:AGa58c;ULs67c:bdUBJc;Up9aO:kY43Sc;Uvc8o:VDovNc;V7j7Sb:stsTjb;VJwZIe:q5U1uf;X6zUkd:u0z0vd;XSYl9e:GNVVIb;YBlgBf:LMo5Id;YIZmRd:A1yn5d;Ycdno:rkQZze;YfZO5c:CVuqWd;ZE1Tgd:kZF9ne;ZGeKvd:rb5w8b;ZaFVgc:wOWhl;ZjyI3e:W2v6fc;a56pNe:JEfCwb;aPdIxb:F52gIc;bS8oAe:Kimhwf;brg6Gd:TlvL3b;cEt90b:ws9Tlc;cFl0Ie:PWJipc;cJj1Kd:A5k23d;cYTQve:GhXhl;cgbTHc:G8ycZ;dDPGef:IiQq4e;dIoSBb:SpsfSb;dYFttf:ZRxAzc;dowIGb:ebZ3mb;eBAeSb:zbML3c;esl3oe:Qz2vJf;fdbGyc:uIig3b;g2wfV:DcDVld;gAClPb:ghdkwd;giw6qf:E7GzYd;hgud7d:GNh0Qc;hoquJe:EjBUIf;iFQyKf:QIhFr;iKsOgb:cWjcJb;jRrT5d:EHUI2d;jtBjNe:dWHZee;kNqx7b:gzp7wb;kqpyR:qIJF2;l4RAwd:h5Fnie;l6twR:Fvyyad;lJ7cgb:Erp0q;lOO0Vd:OTA3Ae;lx9iFf:nVFiIc;m4bwx:htQxyf;nAFL3:s39S4;oFd48c:l7VM1e;oGtAuc:sOXFj;p0iB4:VQhtq;pXdRYb:MdUzUe;qSBODf:H8X5pc;qafBPd:yDVVkb;qddgKe:xQtZb;qgOdad:vko54d;rUAape:NePQb;rWx8Cc:DxgUF;rarsed:Mb2qyd;rpiri:tZyrxe;sgnAWd:HkSoT;ssiZFc:BhQ85d;vKM7Jb:cWjcJb;w1T0Td:xpWMVc;wR5FRb:O1Gjze;x2i2de:zeWni;x4CZme:lCtfC;xbOSgd:e5G55;xqZiqf:wmnU7d;ye9FMd:KC9GA;yxTchf:KUM7Z;zBvUNc:fT8Mbb;zJxI2:kxz7Nb;zxnPse:GkRiKb/m=yEk6Te,xbDtq,CqZKyc,IC29Ne,FH3f2d,FNEVwb,JTBQeb,EbM8gf,gJHvUb,c4XQ6d?wli=MeetingsUi.UQXc0fDD8eQ.loadAudioAnalyzer.O%3A%3BMeetingsUi.JyPCFxi88JU.loadNetEqLyraWrapper.O%3A%3BMeetingsUi.FZolhQ_o0c8.loadNetEqWrapper.O%3A%3B (544)
[77385:259:0313/145657.365159:INFO:CONSOLE(3376)] "Uncaught (in promise) CustomError: ah", source: https://meet.google.com/_/scs/mss-static/_/js/k=boq-rtc.MeetingsUi.es_419.YIF7r0IbO_k.2020.O/ck=boq-rtc.MeetingsUi.M_sTMMVZo40.L.B1.O/am=bt4HAAAAhIAAmEPAACAAAAgBgRkAEFEAwRMGYADkwQEQwAAAAAAAWJICQgAAgCAJAAAAoAO4MMIABIAB/d=1/exm=LEikZe,_b,_tp,byfTOb,lsjVmc/excm=_b,_tp,calldesktoppageview/ed=1/wt=2/ujg=1/rs=AL5CKSHuqMcsfoPBkn9VmMKCQLzH9f5tTg/ee=AM9HZd:vCak4b;BRmVff:HS5Yaf;BjCzpe:Yvr34d;Bnf5Lc:iPDrZd;CDC4qf:q6fE0e;CMRktf:sGrqec;DGWCxb:CgYiQ;E1tgbf:hMxPK;EAoUvb:aKikzb;EVNhjf:pw70Gc;EfKZq:QO2YB;EmZ2Bf:zr1jrb;GKUnZb:WNRENb;GmdGTd:Ct4wsb;IXc14:VZgraf;J9XQCb:ojlpPe;JLGZx:oSnDHf;JsINff:yeaFZ;JsbNhc:Xd8iUd;K5nYTd:ZDZcre;KKym4b:dTTbnb;KNpT6b:iSCite;KgXQpf:pQJdrb;LBgRLc:SdcwHb;LQJKcd:WuS5Ye;MJ6mxb:ubdYZ;Me32dd:MEeYgc;N8ehxe:AKukpf;NAHCGe:mxiOOb;NPKaK:SdcwHb;NSEoX:lazG7b;OOoYAb:Oj9pPe;PRDQhf:ux3mLc;PgXDBd:dm1dhc;Pjplud:EEDORb;QGR0gd:Mlhmy;QhhnXd:UqJYYe;RRwdt:gGRuRe;RYWUUc:anescc;Rh5nIc:JScXmc;SIjcAd:jrKD8b;SL22ab:CBRamd;SNUn3:ZwDk9d;SVOR2e:RqS4qe;SVvzme:BPB8ib;ScI3Yc:e7Hzgb;TB8xhd:AGa58c;ULs67c:bdUBJc;Up9aO:kY43Sc;Uvc8o:VDovNc;V7j7Sb:stsTjb;VJwZIe:q5U1uf;X6zUkd:u0z0vd;XSYl9e:GNVVIb;YBlgBf:LMo5Id;YIZmRd:A1yn5d;Ycdno:rkQZze;YfZO5c:CVuqWd;ZE1Tgd:kZF9ne;ZGeKvd:rb5w8b;ZaFVgc:wOWhl;ZjyI3e:W2v6fc;a56pNe:JEfCwb;aPdIxb:F52gIc;bS8oAe:Kimhwf;brg6Gd:TlvL3b;cEt90b:ws9Tlc;cFl0Ie:PWJipc;cJj1Kd:A5k23d;cYTQve:GhXhl;cgbTHc:G8ycZ;dDPGef:IiQq4e;dIoSBb:SpsfSb;dYFttf:ZRxAzc;dowIGb:ebZ3mb;eBAeSb:zbML3c;esl3oe:Qz2vJf;fdbGyc:uIig3b;g2wfV:DcDVld;gAClPb:ghdkwd;giw6qf:E7GzYd;hgud7d:GNh0Qc;hoquJe:EjBUIf;iFQyKf:QIhFr;iKsOgb:cWjcJb;jRrT5d:EHUI2d;jtBjNe:dWHZee;kNqx7b:gzp7wb;kqpyR:qIJF2;l4RAwd:h5Fnie;l6twR:Fvyyad;lJ7cgb:Erp0q;lOO0Vd:OTA3Ae;lx9iFf:nVFiIc;m4bwx:htQxyf;nAFL3:s39S4;oFd48c:l7VM1e;oGtAuc:sOXFj;p0iB4:VQhtq;pXdRYb:MdUzUe;qSBODf:H8X5pc;qafBPd:yDVVkb;qddgKe:xQtZb;qgOdad:vko54d;rUAape:NePQb;rWx8Cc:DxgUF;rarsed:Mb2qyd;rpiri:tZyrxe;sgnAWd:HkSoT;ssiZFc:BhQ85d;vKM7Jb:cWjcJb;w1T0Td:xpWMVc;wR5FRb:O1Gjze;x2i2de:zeWni;x4CZme:lCtfC;xbOSgd:e5G55;xqZiqf:wmnU7d;ye9FMd:KC9GA;yxTchf:KUM7Z;zBvUNc:fT8Mbb;zJxI2:kxz7Nb;zxnPse:GkRiKb/m=ws9Tlc,n73qwf,GkRiKb,e5qFLc,IZT63,UUJqVe,O1Gjze,xUdipf,ZDZcre,OTA3Ae,ZwDk9d,RyvaUb,mI3LFb,XU5LFb,m9oV,hl,P6sQOc,QcfBve,mzzZzc,rCcCxc,mSX26d,WO9ee,JGjVRe,en2VH,ALJJub,ncpZGe,kRDR8c,H9H6ie,sszRX,FU117c,QQnX0,uHu91b,kgMFLe,hKCjub,CJeEuc,O6y8ed,PrPYRd,MpJwZc,NwH0H,V3dDOb,lazG7b,Ivl8bd,g9HNd,XVMNvd,L1AAkb,KUM7Z,Fl2dbf,s39S4,lwddkf,gychg,w9hDv,RMhBfe,SdcwHb,aW3pY,texUgd,pw70Gc,EFQ78c,Ulmmrd,A7fCU,mdR7q,wmnU7d,xQtZb,FSOnAf,gJzDyc,JNoxi,MI6k7c,kjKdXe,BVgquf,QIhFr,lfpdyf,hKSk3e,hc6Ubd,SpsfSb,Z5uLle,MdUzUe,zbML3c,zr1jrb,Uas9Hd,pjICDe?wli=MeetingsUi.UQXc0fDD8eQ.loadAudioAnalyzer.O%3A%3BMeetingsUi.JyPCFxi88JU.loadNetEqLyraWrapper.O%3A%3BMeetingsUi.FZolhQ_o0c8.loadNetEqWrapper.O%3A%3B (3376)
[77385:259:0313/145657.365302:INFO:CONSOLE(4244)] "Uncaught (in promise) DisconnectedError: DisconnectedError, EndCause = 72", source: https://meet.google.com/_/scs/mss-static/_/js/k=boq-rtc.MeetingsUi.es_419.YIF7r0IbO_k.2020.O/ck=boq-rtc.MeetingsUi.M_sTMMVZo40.L.B1.O/am=bt4HAAAAhIAAmEPAACAAAAgBgRkAEFEAwRMGYADkwQEQwAAAAAAAWJICQgAAgCAJAAAAoAO4MMIABIAB/d=1/exm=LEikZe,_b,_tp,byfTOb,lsjVmc/excm=_b,_tp,calldesktoppageview/ed=1/wt=2/ujg=1/rs=AL5CKSHuqMcsfoPBkn9VmMKCQLzH9f5tTg/ee=AM9HZd:vCak4b;BRmVff:HS5Yaf;BjCzpe:Yvr34d;Bnf5Lc:iPDrZd;CDC4qf:q6fE0e;CMRktf:sGrqec;DGWCxb:CgYiQ;E1tgbf:hMxPK;EAoUvb:aKikzb;EVNhjf:pw70Gc;EfKZq:QO2YB;EmZ2Bf:zr1jrb;GKUnZb:WNRENb;GmdGTd:Ct4wsb;IXc14:VZgraf;J9XQCb:ojlpPe;JLGZx:oSnDHf;JsINff:yeaFZ;JsbNhc:Xd8iUd;K5nYTd:ZDZcre;KKym4b:dTTbnb;KNpT6b:iSCite;KgXQpf:pQJdrb;LBgRLc:SdcwHb;LQJKcd:WuS5Ye;MJ6mxb:ubdYZ;Me32dd:MEeYgc;N8ehxe:AKukpf;NAHCGe:mxiOOb;NPKaK:SdcwHb;NSEoX:lazG7b;OOoYAb:Oj9pPe;PRDQhf:ux3mLc;PgXDBd:dm1dhc;Pjplud:EEDORb;QGR0gd:Mlhmy;QhhnXd:UqJYYe;RRwdt:gGRuRe;RYWUUc:anescc;Rh5nIc:JScXmc;SIjcAd:jrKD8b;SL22ab:CBRamd;SNUn3:ZwDk9d;SVOR2e:RqS4qe;SVvzme:BPB8ib;ScI3Yc:e7Hzgb;TB8xhd:AGa58c;ULs67c:bdUBJc;Up9aO:kY43Sc;Uvc8o:VDovNc;V7j7Sb:stsTjb;VJwZIe:q5U1uf;X6zUkd:u0z0vd;XSYl9e:GNVVIb;YBlgBf:LMo5Id;YIZmRd:A1yn5d;Ycdno:rkQZze;YfZO5c:CVuqWd;ZE1Tgd:kZF9ne;ZGeKvd:rb5w8b;ZaFVgc:wOWhl;ZjyI3e:W2v6fc;a56pNe:JEfCwb;aPdIxb:F52gIc;bS8oAe:Kimhwf;brg6Gd:TlvL3b;cEt90b:ws9Tlc;cFl0Ie:PWJipc;cJj1Kd:A5k23d;cYTQve:GhXhl;cgbTHc:G8ycZ;dDPGef:IiQq4e;dIoSBb:SpsfSb;dYFttf:ZRxAzc;dowIGb:ebZ3mb;eBAeSb:zbML3c;esl3oe:Qz2vJf;fdbGyc:uIig3b;g2wfV:DcDVld;gAClPb:ghdkwd;giw6qf:E7GzYd;hgud7d:GNh0Qc;hoquJe:EjBUIf;iFQyKf:QIhFr;iKsOgb:cWjcJb;jRrT5d:EHUI2d;jtBjNe:dWHZee;kNqx7b:gzp7wb;kqpyR:qIJF2;l4RAwd:h5Fnie;l6twR:Fvyyad;lJ7cgb:Erp0q;lOO0Vd:OTA3Ae;lx9iFf:nVFiIc;m4bwx:htQxyf;nAFL3:s39S4;oFd48c:l7VM1e;oGtAuc:sOXFj;p0iB4:VQhtq;pXdRYb:MdUzUe;qSBODf:H8X5pc;qafBPd:yDVVkb;qddgKe:xQtZb;qgOdad:vko54d;rUAape:NePQb;rWx8Cc:DxgUF;rarsed:Mb2qyd;rpiri:tZyrxe;sgnAWd:HkSoT;ssiZFc:BhQ85d;vKM7Jb:cWjcJb;w1T0Td:xpWMVc;wR5FRb:O1Gjze;x2i2de:zeWni;x4CZme:lCtfC;xbOSgd:e5G55;xqZiqf:wmnU7d;ye9FMd:KC9GA;yxTchf:KUM7Z;zBvUNc:fT8Mbb;zJxI2:kxz7Nb;zxnPse:GkRiKb/m=ws9Tlc,n73qwf,GkRiKb,e5qFLc,IZT63,UUJqVe,O1Gjze,xUdipf,ZDZcre,OTA3Ae,ZwDk9d,RyvaUb,mI3LFb,XU5LFb,m9oV,hl,P6sQOc,QcfBve,mzzZzc,rCcCxc,mSX26d,WO9ee,JGjVRe,en2VH,ALJJub,ncpZGe,kRDR8c,H9H6ie,sszRX,FU117c,QQnX0,uHu91b,kgMFLe,hKCjub,CJeEuc,O6y8ed,PrPYRd,MpJwZc,NwH0H,V3dDOb,lazG7b,Ivl8bd,g9HNd,XVMNvd,L1AAkb,KUM7Z,Fl2dbf,s39S4,lwddkf,gychg,w9hDv,RMhBfe,SdcwHb,aW3pY,texUgd,pw70Gc,EFQ78c,Ulmmrd,A7fCU,mdR7q,wmnU7d,xQtZb,FSOnAf,gJzDyc,JNoxi,MI6k7c,kjKdXe,BVgquf,QIhFr,lfpdyf,hKSk3e,hc6Ubd,SpsfSb,Z5uLle,MdUzUe,zbML3c,zr1jrb,Uas9Hd,pjICDe?wli=MeetingsUi.UQXc0fDD8eQ.loadAudioAnalyzer.O%3A%3BMeetingsUi.JyPCFxi88JU.loadNetEqLyraWrapper.O%3A%3BMeetingsUi.FZolhQ_o0c8.loadNetEqWrapper.O%3A%3B (4244)
[77385:259:0313/145657.365355:INFO:CONSOLE(4244)] "Uncaught (in promise) DisconnectedError: DisconnectedError, EndCause = 72", source: https://meet.google.com/_/scs/mss-static/_/js/k=boq-rtc.MeetingsUi.es_419.YIF7r0IbO_k.2020.O/ck=boq-rtc.MeetingsUi.M_sTMMVZo40.L.B1.O/am=bt4HAAAAhIAAmEPAACAAAAgBgRkAEFEAwRMGYADkwQEQwAAAAAAAWJICQgAAgCAJAAAAoAO4MMIABIAB/d=1/exm=LEikZe,_b,_tp,byfTOb,lsjVmc/excm=_b,_tp,calldesktoppageview/ed=1/wt=2/ujg=1/rs=AL5CKSHuqMcsfoPBkn9VmMKCQLzH9f5tTg/ee=AM9HZd:vCak4b;BRmVff:HS5Yaf;BjCzpe:Yvr34d;Bnf5Lc:iPDrZd;CDC4qf:q6fE0e;CMRktf:sGrqec;DGWCxb:CgYiQ;E1tgbf:hMxPK;EAoUvb:aKikzb;EVNhjf:pw70Gc;EfKZq:QO2YB;EmZ2Bf:zr1jrb;GKUnZb:WNRENb;GmdGTd:Ct4wsb;IXc14:VZgraf;J9XQCb:ojlpPe;JLGZx:oSnDHf;JsINff:yeaFZ;JsbNhc:Xd8iUd;K5nYTd:ZDZcre;KKym4b:dTTbnb;KNpT6b:iSCite;KgXQpf:pQJdrb;LBgRLc:SdcwHb;LQJKcd:WuS5Ye;MJ6mxb:ubdYZ;Me32dd:MEeYgc;N8ehxe:AKukpf;NAHCGe:mxiOOb;NPKaK:SdcwHb;NSEoX:lazG7b;OOoYAb:Oj9pPe;PRDQhf:ux3mLc;PgXDBd:dm1dhc;Pjplud:EEDORb;QGR0gd:Mlhmy;QhhnXd:UqJYYe;RRwdt:gGRuRe;RYWUUc:anescc;Rh5nIc:JScXmc;SIjcAd:jrKD8b;SL22ab:CBRamd;SNUn3:ZwDk9d;SVOR2e:RqS4qe;SVvzme:BPB8ib;ScI3Yc:e7Hzgb;TB8xhd:AGa58c;ULs67c:bdUBJc;Up9aO:kY43Sc;Uvc8o:VDovNc;V7j7Sb:stsTjb;VJwZIe:q5U1uf;X6zUkd:u0z0vd;XSYl9e:GNVVIb;YBlgBf:LMo5Id;YIZmRd:A1yn5d;Ycdno:rkQZze;YfZO5c:CVuqWd;ZE1Tgd:kZF9ne;ZGeKvd:rb5w8b;ZaFVgc:wOWhl;ZjyI3e:W2v6fc;a56pNe:JEfCwb;aPdIxb:F52gIc;bS8oAe:Kimhwf;brg6Gd:TlvL3b;cEt90b:ws9Tlc;cFl0Ie:PWJipc;cJj1Kd:A5k23d;cYTQve:GhXhl;cgbTHc:G8ycZ;dDPGef:IiQq4e;dIoSBb:SpsfSb;dYFttf:ZRxAzc;dowIGb:ebZ3mb;eBAeSb:zbML3c;esl3oe:Qz2vJf;fdbGyc:uIig3b;g2wfV:DcDVld;gAClPb:ghdkwd;giw6qf:E7GzYd;hgud7d:GNh0Qc;hoquJe:EjBUIf;iFQyKf:QIhFr;iKsOgb:cWjcJb;jRrT5d:EHUI2d;jtBjNe:dWHZee;kNqx7b:gzp7wb;kqpyR:qIJF2;l4RAwd:h5Fnie;l6twR:Fvyyad;lJ7cgb:Erp0q;lOO0Vd:OTA3Ae;lx9iFf:nVFiIc;m4bwx:htQxyf;nAFL3:s39S4;oFd48c:l7VM1e;oGtAuc:sOXFj;p0iB4:VQhtq;pXdRYb:MdUzUe;qSBODf:H8X5pc;qafBPd:yDVVkb;qddgKe:xQtZb;qgOdad:vko54d;rUAape:NePQb;rWx8Cc:DxgUF;rarsed:Mb2qyd;rpiri:tZyrxe;sgnAWd:HkSoT;ssiZFc:BhQ85d;vKM7Jb:cWjcJb;w1T0Td:xpWMVc;wR5FRb:O1Gjze;x2i2de:zeWni;x4CZme:lCtfC;xbOSgd:e5G55;xqZiqf:wmnU7d;ye9FMd:KC9GA;yxTchf:KUM7Z;zBvUNc:fT8Mbb;zJxI2:kxz7Nb;zxnPse:GkRiKb/m=ws9Tlc,n73qwf,GkRiKb,e5qFLc,IZT63,UUJqVe,O1Gjze,xUdipf,ZDZcre,OTA3Ae,ZwDk9d,RyvaUb,mI3LFb,XU5LFb,m9oV,hl,P6sQOc,QcfBve,mzzZzc,rCcCxc,mSX26d,WO9ee,JGjVRe,en2VH,ALJJub,ncpZGe,kRDR8c,H9H6ie,sszRX,FU117c,QQnX0,uHu91b,kgMFLe,hKCjub,CJeEuc,O6y8ed,PrPYRd,MpJwZc,NwH0H,V3dDOb,lazG7b,Ivl8bd,g9HNd,XVMNvd,L1AAkb,KUM7Z,Fl2dbf,s39S4,lwddkf,gychg,w9hDv,RMhBfe,SdcwHb,aW3pY,texUgd,pw70Gc,EFQ78c,Ulmmrd,A7fCU,mdR7q,wmnU7d,xQtZb,FSOnAf,gJzDyc,JNoxi,MI6k7c,kjKdXe,BVgquf,QIhFr,lfpdyf,hKSk3e,hc6Ubd,SpsfSb,Z5uLle,MdUzUe,zbML3c,zr1jrb,Uas9Hd,pjICDe?wli=MeetingsUi.UQXc0fDD8eQ.loadAudioAnalyzer.O%3A%3BMeetingsUi.JyPCFxi88JU.loadNetEqLyraWrapper.O%3A%3BMeetingsUi.FZolhQ_o0c8.loadNetEqWrapper.O%3A%3B (4244)
[77385:259:0313/145657.365376:INFO:CONSOLE(4244)] "Uncaught (in promise) DisconnectedError: DisconnectedError, EndCause = 72", source: https://meet.google.com/_/scs/mss-static/_/js/k=boq-rtc.MeetingsUi.es_419.YIF7r0IbO_k.2020.O/ck=boq-rtc.MeetingsUi.M_sTMMVZo40.L.B1.O/am=bt4HAAAAhIAAmEPAACAAAAgBgRkAEFEAwRMGYADkwQEQwAAAAAAAWJICQgAAgCAJAAAAoAO4MMIABIAB/d=1/exm=LEikZe,_b,_tp,byfTOb,lsjVmc/excm=_b,_tp,calldesktoppageview/ed=1/wt=2/ujg=1/rs=AL5CKSHuqMcsfoPBkn9VmMKCQLzH9f5tTg/ee=AM9HZd:vCak4b;BRmVff:HS5Yaf;BjCzpe:Yvr34d;Bnf5Lc:iPDrZd;CDC4qf:q6fE0e;CMRktf:sGrqec;DGWCxb:CgYiQ;E1tgbf:hMxPK;EAoUvb:aKikzb;EVNhjf:pw70Gc;EfKZq:QO2YB;EmZ2Bf:zr1jrb;GKUnZb:WNRENb;GmdGTd:Ct4wsb;IXc14:VZgraf;J9XQCb:ojlpPe;JLGZx:oSnDHf;JsINff:yeaFZ;JsbNhc:Xd8iUd;K5nYTd:ZDZcre;KKym4b:dTTbnb;KNpT6b:iSCite;KgXQpf:pQJdrb;LBgRLc:SdcwHb;LQJKcd:WuS5Ye;MJ6mxb:ubdYZ;Me32dd:MEeYgc;N8ehxe:AKukpf;NAHCGe:mxiOOb;NPKaK:SdcwHb;NSEoX:lazG7b;OOoYAb:Oj9pPe;PRDQhf:ux3mLc;PgXDBd:dm1dhc;Pjplud:EEDORb;QGR0gd:Mlhmy;QhhnXd:UqJYYe;RRwdt:gGRuRe;RYWUUc:anescc;Rh5nIc:JScXmc;SIjcAd:jrKD8b;SL22ab:CBRamd;SNUn3:ZwDk9d;SVOR2e:RqS4qe;SVvzme:BPB8ib;ScI3Yc:e7Hzgb;TB8xhd:AGa58c;ULs67c:bdUBJc;Up9aO:kY43Sc;Uvc8o:VDovNc;V7j7Sb:stsTjb;VJwZIe:q5U1uf;X6zUkd:u0z0vd;XSYl9e:GNVVIb;YBlgBf:LMo5Id;YIZmRd:A1yn5d;Ycdno:rkQZze;YfZO5c:CVuqWd;ZE1Tgd:kZF9ne;ZGeKvd:rb5w8b;ZaFVgc:wOWhl;ZjyI3e:W2v6fc;a56pNe:JEfCwb;aPdIxb:F52gIc;bS8oAe:Kimhwf;brg6Gd:TlvL3b;cEt90b:ws9Tlc;cFl0Ie:PWJipc;cJj1Kd:A5k23d;cYTQve:GhXhl;cgbTHc:G8ycZ;dDPGef:IiQq4e;dIoSBb:SpsfSb;dYFttf:ZRxAzc;dowIGb:ebZ3mb;eBAeSb:zbML3c;esl3oe:Qz2vJf;fdbGyc:uIig3b;g2wfV:DcDVld;gAClPb:ghdkwd;giw6qf:E7GzYd;hgud7d:GNh0Qc;hoquJe:EjBUIf;iFQyKf:QIhFr;iKsOgb:cWjcJb;jRrT5d:EHUI2d;jtBjNe:dWHZee;kNqx7b:gzp7wb;kqpyR:qIJF2;l4RAwd:h5Fnie;l6twR:Fvyyad;lJ7cgb:Erp0q;lOO0Vd:OTA3Ae;lx9iFf:nVFiIc;m4bwx:htQxyf;nAFL3:s39S4;oFd48c:l7VM1e;oGtAuc:sOXFj;p0iB4:VQhtq;pXdRYb:MdUzUe;qSBODf:H8X5pc;qafBPd:yDVVkb;qddgKe:xQtZb;qgOdad:vko54d;rUAape:NePQb;rWx8Cc:DxgUF;rarsed:Mb2qyd;rpiri:tZyrxe;sgnAWd:HkSoT;ssiZFc:BhQ85d;vKM7Jb:cWjcJb;w1T0Td:xpWMVc;wR5FRb:O1Gjze;x2i2de:zeWni;x4CZme:lCtfC;xbOSgd:e5G55;xqZiqf:wmnU7d;ye9FMd:KC9GA;yxTchf:KUM7Z;zBvUNc:fT8Mbb;zJxI2:kxz7Nb;zxnPse:GkRiKb/m=ws9Tlc,n73qwf,GkRiKb,e5qFLc,IZT63,UUJqVe,O1Gjze,xUdipf,ZDZcre,OTA3Ae,ZwDk9d,RyvaUb,mI3LFb,XU5LFb,m9oV,hl,P6sQOc,QcfBve,mzzZzc,rCcCxc,mSX26d,WO9ee,JGjVRe,en2VH,ALJJub,ncpZGe,kRDR8c,H9H6ie,sszRX,FU117c,QQnX0,uHu91b,kgMFLe,hKCjub,CJeEuc,O6y8ed,PrPYRd,MpJwZc,NwH0H,V3dDOb,lazG7b,Ivl8bd,g9HNd,XVMNvd,L1AAkb,KUM7Z,Fl2dbf,s39S4,lwddkf,gychg,w9hDv,RMhBfe,SdcwHb,aW3pY,texUgd,pw70Gc,EFQ78c,Ulmmrd,A7fCU,mdR7q,wmnU7d,xQtZb,FSOnAf,gJzDyc,JNoxi,MI6k7c,kjKdXe,BVgquf,QIhFr,lfpdyf,hKSk3e,hc6Ubd,SpsfSb,Z5uLle,MdUzUe,zbML3c,zr1jrb,Uas9Hd,pjICDe?wli=MeetingsUi.UQXc0fDD8eQ.loadAudioAnalyzer.O%3A%3BMeetingsUi.JyPCFxi88JU.loadNetEqLyraWrapper.O%3A%3BMeetingsUi.FZolhQ_o0c8.loadNetEqWrapper.O%3A%3B (4244)
[77385:259:0313/145657.365399:INFO:CONSOLE(298)] "Uncaught (in promise) cancel: Disposed before init", source: https://meet.google.com/_/scs/mss-static/_/js/k=boq-rtc.MeetingsUi.es_419.YIF7r0IbO_k.2020.O/am=bt4HAAAAhIAAmEPAACAAAAgBgRkAEFEAwRMGYADkwQEQwAAAAAAAWJICQgAAgCAJAAAAoAO4MMIABIAB/d=1/excm=_b,_tp,calldesktoppageview/ed=1/dg=0/wt=2/ujg=1/rs=AL5CKSHDNxktzcjYh6fUd6r3KAx9djZtuA/m=_b,_tp?wli=MeetingsUi.UQXc0fDD8eQ.loadAudioAnalyzer.O%3A%3BMeetingsUi.JyPCFxi88JU.loadNetEqLyraWrapper.O%3A%3BMeetingsUi.FZolhQ_o0c8.loadNetEqWrapper.O%3A%3B (298)
[77385:259:0313/145657.365419:INFO:CONSOLE(298)] "Uncaught (in promise) cancel: Disposed before init", source: https://meet.google.com/_/scs/mss-static/_/js/k=boq-rtc.MeetingsUi.es_419.YIF7r0IbO_k.2020.O/am=bt4HAAAAhIAAmEPAACAAAAgBgRkAEFEAwRMGYADkwQEQwAAAAAAAWJICQgAAgCAJAAAAoAO4MMIABIAB/d=1/excm=_b,_tp,calldesktoppageview/ed=1/dg=0/wt=2/ujg=1/rs=AL5CKSHDNxktzcjYh6fUd6r3KAx9djZtuA/m=_b,_tp?wli=MeetingsUi.UQXc0fDD8eQ.loadAudioAnalyzer.O%3A%3BMeetingsUi.JyPCFxi88JU.loadNetEqLyraWrapper.O%3A%3BMeetingsUi.FZolhQ_o0c8.loadNetEqWrapper.O%3A%3B (298)
[77385:259:0313/145657.365431:INFO:CONSOLE(298)] "Uncaught (in promise) cancel: Disposed before init", source: https://meet.google.com/_/scs/mss-static/_/js/k=boq-rtc.MeetingsUi.es_419.YIF7r0IbO_k.2020.O/am=bt4HAAAAhIAAmEPAACAAAAgBgRkAEFEAwRMGYADkwQEQwAAAAAAAWJICQgAAgCAJAAAAoAO4MMIABIAB/d=1/excm=_b,_tp,calldesktoppageview/ed=1/dg=0/wt=2/ujg=1/rs=AL5CKSHDNxktzcjYh6fUd6r3KAx9djZtuA/m=_b,_tp?wli=MeetingsUi.UQXc0fDD8eQ.loadAudioAnalyzer.O%3A%3BMeetingsUi.JyPCFxi88JU.loadNetEqLyraWrapper.O%3A%3BMeetingsUi.FZolhQ_o0c8.loadNetEqWrapper.O%3A%3B (298)
[77385:259:0313/145657.365452:INFO:CONSOLE(298)] "Uncaught (in promise) cancel: Disposed before init", source: https://meet.google.com/_/scs/mss-static/_/js/k=boq-rtc.MeetingsUi.es_419.YIF7r0IbO_k.2020.O/am=bt4HAAAAhIAAmEPAACAAAAgBgRkAEFEAwRMGYADkwQEQwAAAAAAAWJICQgAAgCAJAAAAoAO4MMIABIAB/d=1/excm=_b,_tp,calldesktoppageview/ed=1/dg=0/wt=2/ujg=1/rs=AL5CKSHDNxktzcjYh6fUd6r3KAx9djZtuA/m=_b,_tp?wli=MeetingsUi.UQXc0fDD8eQ.loadAudioAnalyzer.O%3A%3BMeetingsUi.JyPCFxi88JU.loadNetEqLyraWrapper.O%3A%3BMeetingsUi.FZolhQ_o0c8.loadNetEqWrapper.O%3A%3B (298)
[77385:259:0313/145657.365464:INFO:CONSOLE(298)] "Uncaught (in promise) cancel: Signal asynchronously disposed", source: https://meet.google.com/_/scs/mss-static/_/js/k=boq-rtc.MeetingsUi.es_419.YIF7r0IbO_k.2020.O/am=bt4HAAAAhIAAmEPAACAAAAgBgRkAEFEAwRMGYADkwQEQwAAAAAAAWJICQgAAgCAJAAAAoAO4MMIABIAB/d=1/excm=_b,_tp,calldesktoppageview/ed=1/dg=0/wt=2/ujg=1/rs=AL5CKSHDNxktzcjYh6fUd6r3KAx9djZtuA/m=_b,_tp?wli=MeetingsUi.UQXc0fDD8eQ.loadAudioAnalyzer.O%3A%3BMeetingsUi.JyPCFxi88JU.loadNetEqLyraWrapper.O%3A%3BMeetingsUi.FZolhQ_o0c8.loadNetEqWrapper.O%3A%3B (298)
[77385:259:0313/145657.365478:INFO:CONSOLE(298)] "Uncaught (in promise) cancel: Signal asynchronously disposed", source: https://meet.google.com/_/scs/mss-static/_/js/k=boq-rtc.MeetingsUi.es_419.YIF7r0IbO_k.2020.O/am=bt4HAAAAhIAAmEPAACAAAAgBgRkAEFEAwRMGYADkwQEQwAAAAAAAWJICQgAAgCAJAAAAoAO4MMIABIAB/d=1/excm=_b,_tp,calldesktoppageview/ed=1/dg=0/wt=2/ujg=1/rs=AL5CKSHDNxktzcjYh6fUd6r3KAx9djZtuA/m=_b,_tp?wli=MeetingsUi.UQXc0fDD8eQ.loadAudioAnalyzer.O%3A%3BMeetingsUi.JyPCFxi88JU.loadNetEqLyraWrapper.O%3A%3BMeetingsUi.FZolhQ_o0c8.loadNetEqWrapper.O%3A%3B (298)
[77385:259:0313/145657.365491:INFO:CONSOLE(298)] "Uncaught (in promise) cancel: Signal asynchronously disposed", source: https://meet.google.com/_/scs/mss-static/_/js/k=boq-rtc.MeetingsUi.es_419.YIF7r0IbO_k.2020.O/am=bt4HAAAAhIAAmEPAACAAAAgBgRkAEFEAwRMGYADkwQEQwAAAAAAAWJICQgAAgCAJAAAAoAO4MMIABIAB/d=1/excm=_b,_tp,calldesktoppageview/ed=1/dg=0/wt=2/ujg=1/rs=AL5CKSHDNxktzcjYh6fUd6r3KAx9djZtuA/m=_b,_tp?wli=MeetingsUi.UQXc0fDD8eQ.loadAudioAnalyzer.O%3A%3BMeetingsUi.JyPCFxi88JU.loadNetEqLyraWrapper.O%3A%3BMeetingsUi.FZolhQ_o0c8.loadNetEqWrapper.O%3A%3B (298)
[77385:259:0313/145657.365507:INFO:CONSOLE(298)] "Uncaught (in promise) cancel: Signal asynchronously disposed", source: https://meet.google.com/_/scs/mss-static/_/js/k=boq-rtc.MeetingsUi.es_419.YIF7r0IbO_k.2020.O/am=bt4HAAAAhIAAmEPAACAAAAgBgRkAEFEAwRMGYADkwQEQwAAAAAAAWJICQgAAgCAJAAAAoAO4MMIABIAB/d=1/excm=_b,_tp,calldesktoppageview/ed=1/dg=0/wt=2/ujg=1/rs=AL5CKSHDNxktzcjYh6fUd6r3KAx9djZtuA/m=_b,_tp?wli=MeetingsUi.UQXc0fDD8eQ.loadAudioAnalyzer.O%3A%3BMeetingsUi.JyPCFxi88JU.loadNetEqLyraWrapper.O%3A%3BMeetingsUi.FZolhQ_o0c8.loadNetEqWrapper.O%3A%3B (298)
[77385:259:0313/145657.365521:INFO:CONSOLE(298)] "Uncaught (in promise) cancel: Signal asynchronously disposed", source: https://meet.google.com/_/scs/mss-static/_/js/k=boq-rtc.MeetingsUi.es_419.YIF7r0IbO_k.2020.O/am=bt4HAAAAhIAAmEPAACAAAAgBgRkAEFEAwRMGYADkwQEQwAAAAAAAWJICQgAAgCAJAAAAoAO4MMIABIAB/d=1/excm=_b,_tp,calldesktoppageview/ed=1/dg=0/wt=2/ujg=1/rs=AL5CKSHDNxktzcjYh6fUd6r3KAx9djZtuA/m=_b,_tp?wli=MeetingsUi.UQXc0fDD8eQ.loadAudioAnalyzer.O%3A%3BMeetingsUi.JyPCFxi88JU.loadNetEqLyraWrapper.O%3A%3BMeetingsUi.FZolhQ_o0c8.loadNetEqWrapper.O%3A%3B (298)
[77385:259:0313/145657.365540:INFO:CONSOLE(298)] "Uncaught (in promise) cancel: Signal asynchronously disposed", source: https://meet.google.com/_/scs/mss-static/_/js/k=boq-rtc.MeetingsUi.es_419.YIF7r0IbO_k.2020.O/am=bt4HAAAAhIAAmEPAACAAAAgBgRkAEFEAwRMGYADkwQEQwAAAAAAAWJICQgAAgCAJAAAAoAO4MMIABIAB/d=1/excm=_b,_tp,calldesktoppageview/ed=1/dg=0/wt=2/ujg=1/rs=AL5CKSHDNxktzcjYh6fUd6r3KAx9djZtuA/m=_b,_tp?wli=MeetingsUi.UQXc0fDD8eQ.loadAudioAnalyzer.O%3A%3BMeetingsUi.JyPCFxi88JU.loadNetEqLyraWrapper.O%3A%3BMeetingsUi.FZolhQ_o0c8.loadNetEqWrapper.O%3A%3B (298)
[77385:259:0313/145657.365555:INFO:CONSOLE(298)] "Uncaught (in promise) cancel: Disposed before init", source: https://meet.google.com/_/scs/mss-static/_/js/k=boq-rtc.MeetingsUi.es_419.YIF7r0IbO_k.2020.O/am=bt4HAAAAhIAAmEPAACAAAAgBgRkAEFEAwRMGYADkwQEQwAAAAAAAWJICQgAAgCAJAAAAoAO4MMIABIAB/d=1/excm=_b,_tp,calldesktoppageview/ed=1/dg=0/wt=2/ujg=1/rs=AL5CKSHDNxktzcjYh6fUd6r3KAx9djZtuA/m=_b,_tp?wli=MeetingsUi.UQXc0fDD8eQ.loadAudioAnalyzer.O%3A%3BMeetingsUi.JyPCFxi88JU.loadNetEqLyraWrapper.O%3A%3BMeetingsUi.FZolhQ_o0c8.loadNetEqWrapper.O%3A%3B (298)
[77385:259:0313/145657.365577:INFO:CONSOLE(4244)] "Uncaught (in promise) DisconnectedError: DisconnectedError, EndCause = 72", source: https://meet.google.com/_/scs/mss-static/_/js/k=boq-rtc.MeetingsUi.es_419.YIF7r0IbO_k.2020.O/ck=boq-rtc.MeetingsUi.M_sTMMVZo40.L.B1.O/am=bt4HAAAAhIAAmEPAACAAAAgBgRkAEFEAwRMGYADkwQEQwAAAAAAAWJICQgAAgCAJAAAAoAO4MMIABIAB/d=1/exm=LEikZe,_b,_tp,byfTOb,lsjVmc/excm=_b,_tp,calldesktoppageview/ed=1/wt=2/ujg=1/rs=AL5CKSHuqMcsfoPBkn9VmMKCQLzH9f5tTg/ee=AM9HZd:vCak4b;BRmVff:HS5Yaf;BjCzpe:Yvr34d;Bnf5Lc:iPDrZd;CDC4qf:q6fE0e;CMRktf:sGrqec;DGWCxb:CgYiQ;E1tgbf:hMxPK;EAoUvb:aKikzb;EVNhjf:pw70Gc;EfKZq:QO2YB;EmZ2Bf:zr1jrb;GKUnZb:WNRENb;GmdGTd:Ct4wsb;IXc14:VZgraf;J9XQCb:ojlpPe;JLGZx:oSnDHf;JsINff:yeaFZ;JsbNhc:Xd8iUd;K5nYTd:ZDZcre;KKym4b:dTTbnb;KNpT6b:iSCite;KgXQpf:pQJdrb;LBgRLc:SdcwHb;LQJKcd:WuS5Ye;MJ6mxb:ubdYZ;Me32dd:MEeYgc;N8ehxe:AKukpf;NAHCGe:mxiOOb;NPKaK:SdcwHb;NSEoX:lazG7b;OOoYAb:Oj9pPe;PRDQhf:ux3mLc;PgXDBd:dm1dhc;Pjplud:EEDORb;QGR0gd:Mlhmy;QhhnXd:UqJYYe;RRwdt:gGRuRe;RYWUUc:anescc;Rh5nIc:JScXmc;SIjcAd:jrKD8b;SL22ab:CBRamd;SNUn3:ZwDk9d;SVOR2e:RqS4qe;SVvzme:BPB8ib;ScI3Yc:e7Hzgb;TB8xhd:AGa58c;ULs67c:bdUBJc;Up9aO:kY43Sc;Uvc8o:VDovNc;V7j7Sb:stsTjb;VJwZIe:q5U1uf;X6zUkd:u0z0vd;XSYl9e:GNVVIb;YBlgBf:LMo5Id;YIZmRd:A1yn5d;Ycdno:rkQZze;YfZO5c:CVuqWd;ZE1Tgd:kZF9ne;ZGeKvd:rb5w8b;ZaFVgc:wOWhl;ZjyI3e:W2v6fc;a56pNe:JEfCwb;aPdIxb:F52gIc;bS8oAe:Kimhwf;brg6Gd:TlvL3b;cEt90b:ws9Tlc;cFl0Ie:PWJipc;cJj1Kd:A5k23d;cYTQve:GhXhl;cgbTHc:G8ycZ;dDPGef:IiQq4e;dIoSBb:SpsfSb;dYFttf:ZRxAzc;dowIGb:ebZ3mb;eBAeSb:zbML3c;esl3oe:Qz2vJf;fdbGyc:uIig3b;g2wfV:DcDVld;gAClPb:ghdkwd;giw6qf:E7GzYd;hgud7d:GNh0Qc;hoquJe:EjBUIf;iFQyKf:QIhFr;iKsOgb:cWjcJb;jRrT5d:EHUI2d;jtBjNe:dWHZee;kNqx7b:gzp7wb;kqpyR:qIJF2;l4RAwd:h5Fnie;l6twR:Fvyyad;lJ7cgb:Erp0q;lOO0Vd:OTA3Ae;lx9iFf:nVFiIc;m4bwx:htQxyf;nAFL3:s39S4;oFd48c:l7VM1e;oGtAuc:sOXFj;p0iB4:VQhtq;pXdRYb:MdUzUe;qSBODf:H8X5pc;qafBPd:yDVVkb;qddgKe:xQtZb;qgOdad:vko54d;rUAape:NePQb;rWx8Cc:DxgUF;rarsed:Mb2qyd;rpiri:tZyrxe;sgnAWd:HkSoT;ssiZFc:BhQ85d;vKM7Jb:cWjcJb;w1T0Td:xpWMVc;wR5FRb:O1Gjze;x2i2de:zeWni;x4CZme:lCtfC;xbOSgd:e5G55;xqZiqf:wmnU7d;ye9FMd:KC9GA;yxTchf:KUM7Z;zBvUNc:fT8Mbb;zJxI2:kxz7Nb;zxnPse:GkRiKb/m=ws9Tlc,n73qwf,GkRiKb,e5qFLc,IZT63,UUJqVe,O1Gjze,xUdipf,ZDZcre,OTA3Ae,ZwDk9d,RyvaUb,mI3LFb,XU5LFb,m9oV,hl,P6sQOc,QcfBve,mzzZzc,rCcCxc,mSX26d,WO9ee,JGjVRe,en2VH,ALJJub,ncpZGe,kRDR8c,H9H6ie,sszRX,FU117c,QQnX0,uHu91b,kgMFLe,hKCjub,CJeEuc,O6y8ed,PrPYRd,MpJwZc,NwH0H,V3dDOb,lazG7b,Ivl8bd,g9HNd,XVMNvd,L1AAkb,KUM7Z,Fl2dbf,s39S4,lwddkf,gychg,w9hDv,RMhBfe,SdcwHb,aW3pY,texUgd,pw70Gc,EFQ78c,Ulmmrd,A7fCU,mdR7q,wmnU7d,xQtZb,FSOnAf,gJzDyc,JNoxi,MI6k7c,kjKdXe,BVgquf,QIhFr,lfpdyf,hKSk3e,hc6Ubd,SpsfSb,Z5uLle,MdUzUe,zbML3c,zr1jrb,Uas9Hd,pjICDe?wli=MeetingsUi.UQXc0fDD8eQ.loadAudioAnalyzer.O%3A%3BMeetingsUi.JyPCFxi88JU.loadNetEqLyraWrapper.O%3A%3BMeetingsUi.FZolhQ_o0c8.loadNetEqWrapper.O%3A%3B (4244)
[77385:259:0313/145657.365592:INFO:CONSOLE(4244)] "Uncaught (in promise) DisconnectedError: DisconnectedError, EndCause = 72", source: https://meet.google.com/_/scs/mss-static/_/js/k=boq-rtc.MeetingsUi.es_419.YIF7r0IbO_k.2020.O/ck=boq-rtc.MeetingsUi.M_sTMMVZo40.L.B1.O/am=bt4HAAAAhIAAmEPAACAAAAgBgRkAEFEAwRMGYADkwQEQwAAAAAAAWJICQgAAgCAJAAAAoAO4MMIABIAB/d=1/exm=LEikZe,_b,_tp,byfTOb,lsjVmc/excm=_b,_tp,calldesktoppageview/ed=1/wt=2/ujg=1/rs=AL5CKSHuqMcsfoPBkn9VmMKCQLzH9f5tTg/ee=AM9HZd:vCak4b;BRmVff:HS5Yaf;BjCzpe:Yvr34d;Bnf5Lc:iPDrZd;CDC4qf:q6fE0e;CMRktf:sGrqec;DGWCxb:CgYiQ;E1tgbf:hMxPK;EAoUvb:aKikzb;EVNhjf:pw70Gc;EfKZq:QO2YB;EmZ2Bf:zr1jrb;GKUnZb:WNRENb;GmdGTd:Ct4wsb;IXc14:VZgraf;J9XQCb:ojlpPe;JLGZx:oSnDHf;JsINff:yeaFZ;JsbNhc:Xd8iUd;K5nYTd:ZDZcre;KKym4b:dTTbnb;KNpT6b:iSCite;KgXQpf:pQJdrb;LBgRLc:SdcwHb;LQJKcd:WuS5Ye;MJ6mxb:ubdYZ;Me32dd:MEeYgc;N8ehxe:AKukpf;NAHCGe:mxiOOb;NPKaK:SdcwHb;NSEoX:lazG7b;OOoYAb:Oj9pPe;PRDQhf:ux3mLc;PgXDBd:dm1dhc;Pjplud:EEDORb;QGR0gd:Mlhmy;QhhnXd:UqJYYe;RRwdt:gGRuRe;RYWUUc:anescc;Rh5nIc:JScXmc;SIjcAd:jrKD8b;SL22ab:CBRamd;SNUn3:ZwDk9d;SVOR2e:RqS4qe;SVvzme:BPB8ib;ScI3Yc:e7Hzgb;TB8xhd:AGa58c;ULs67c:bdUBJc;Up9aO:kY43Sc;Uvc8o:VDovNc;V7j7Sb:stsTjb;VJwZIe:q5U1uf;X6zUkd:u0z0vd;XSYl9e:GNVVIb;YBlgBf:LMo5Id;YIZmRd:A1yn5d;Ycdno:rkQZze;YfZO5c:CVuqWd;ZE1Tgd:kZF9ne;ZGeKvd:rb5w8b;ZaFVgc:wOWhl;ZjyI3e:W2v6fc;a56pNe:JEfCwb;aPdIxb:F52gIc;bS8oAe:Kimhwf;brg6Gd:TlvL3b;cEt90b:ws9Tlc;cFl0Ie:PWJipc;cJj1Kd:A5k23d;cYTQve:GhXhl;cgbTHc:G8ycZ;dDPGef:IiQq4e;dIoSBb:SpsfSb;dYFttf:ZRxAzc;dowIGb:ebZ3mb;eBAeSb:zbML3c;esl3oe:Qz2vJf;fdbGyc:uIig3b;g2wfV:DcDVld;gAClPb:ghdkwd;giw6qf:E7GzYd;hgud7d:GNh0Qc;hoquJe:EjBUIf;iFQyKf:QIhFr;iKsOgb:cWjcJb;jRrT5d:EHUI2d;jtBjNe:dWHZee;kNqx7b:gzp7wb;kqpyR:qIJF2;l4RAwd:h5Fnie;l6twR:Fvyyad;lJ7cgb:Erp0q;lOO0Vd:OTA3Ae;lx9iFf:nVFiIc;m4bwx:htQxyf;nAFL3:s39S4;oFd48c:l7VM1e;oGtAuc:sOXFj;p0iB4:VQhtq;pXdRYb:MdUzUe;qSBODf:H8X5pc;qafBPd:yDVVkb;qddgKe:xQtZb;qgOdad:vko54d;rUAape:NePQb;rWx8Cc:DxgUF;rarsed:Mb2qyd;rpiri:tZyrxe;sgnAWd:HkSoT;ssiZFc:BhQ85d;vKM7Jb:cWjcJb;w1T0Td:xpWMVc;wR5FRb:O1Gjze;x2i2de:zeWni;x4CZme:lCtfC;xbOSgd:e5G55;xqZiqf:wmnU7d;ye9FMd:KC9GA;yxTchf:KUM7Z;zBvUNc:fT8Mbb;zJxI2:kxz7Nb;zxnPse:GkRiKb/m=ws9Tlc,n73qwf,GkRiKb,e5qFLc,IZT63,UUJqVe,O1Gjze,xUdipf,ZDZcre,OTA3Ae,ZwDk9d,RyvaUb,mI3LFb,XU5LFb,m9oV,hl,P6sQOc,QcfBve,mzzZzc,rCcCxc,mSX26d,WO9ee,JGjVRe,en2VH,ALJJub,ncpZGe,kRDR8c,H9H6ie,sszRX,FU117c,QQnX0,uHu91b,kgMFLe,hKCjub,CJeEuc,O6y8ed,PrPYRd,MpJwZc,NwH0H,V3dDOb,lazG7b,Ivl8bd,g9HNd,XVMNvd,L1AAkb,KUM7Z,Fl2dbf,s39S4,lwddkf,gychg,w9hDv,RMhBfe,SdcwHb,aW3pY,texUgd,pw70Gc,EFQ78c,Ulmmrd,A7fCU,mdR7q,wmnU7d,xQtZb,FSOnAf,gJzDyc,JNoxi,MI6k7c,kjKdXe,BVgquf,QIhFr,lfpdyf,hKSk3e,hc6Ubd,SpsfSb,Z5uLle,MdUzUe,zbML3c,zr1jrb,Uas9Hd,pjICDe?wli=MeetingsUi.UQXc0fDD8eQ.loadAudioAnalyzer.O%3A%3BMeetingsUi.JyPCFxi88JU.loadNetEqLyraWrapper.O%3A%3BMeetingsUi.FZolhQ_o0c8.loadNetEqWrapper.O%3A%3B (4244)
[77385:259:0313/145657.365727:INFO:CONSOLE(298)] "Uncaught (in promise) cancel: Signal asynchronously disposed", source: https://meet.google.com/_/scs/mss-static/_/js/k=boq-rtc.MeetingsUi.es_419.YIF7r0IbO_k.2020.O/am=bt4HAAAAhIAAmEPAACAAAAgBgRkAEFEAwRMGYADkwQEQwAAAAAAAWJICQgAAgCAJAAAAoAO4MMIABIAB/d=1/excm=_b,_tp,calldesktoppageview/ed=1/dg=0/wt=2/ujg=1/rs=AL5CKSHDNxktzcjYh6fUd6r3KAx9djZtuA/m=_b,_tp?wli=MeetingsUi.UQXc0fDD8eQ.loadAudioAnalyzer.O%3A%3BMeetingsUi.JyPCFxi88JU.loadNetEqLyraWrapper.O%3A%3BMeetingsUi.FZolhQ_o0c8.loadNetEqWrapper.O%3A%3B (298)
[77385:259:0313/145657.410522:INFO:CONSOLE(4244)] "Uncaught (in promise) DisconnectedError: DisconnectedError, EndCause = 72", source: https://meet.google.com/_/scs/mss-static/_/js/k=boq-rtc.MeetingsUi.es_419.YIF7r0IbO_k.2020.O/ck=boq-rtc.MeetingsUi.M_sTMMVZo40.L.B1.O/am=bt4HAAAAhIAAmEPAACAAAAgBgRkAEFEAwRMGYADkwQEQwAAAAAAAWJICQgAAgCAJAAAAoAO4MMIABIAB/d=1/exm=LEikZe,_b,_tp,byfTOb,lsjVmc/excm=_b,_tp,calldesktoppageview/ed=1/wt=2/ujg=1/rs=AL5CKSHuqMcsfoPBkn9VmMKCQLzH9f5tTg/ee=AM9HZd:vCak4b;BRmVff:HS5Yaf;BjCzpe:Yvr34d;Bnf5Lc:iPDrZd;CDC4qf:q6fE0e;CMRktf:sGrqec;DGWCxb:CgYiQ;E1tgbf:hMxPK;EAoUvb:aKikzb;EVNhjf:pw70Gc;EfKZq:QO2YB;EmZ2Bf:zr1jrb;GKUnZb:WNRENb;GmdGTd:Ct4wsb;IXc14:VZgraf;J9XQCb:ojlpPe;JLGZx:oSnDHf;JsINff:yeaFZ;JsbNhc:Xd8iUd;K5nYTd:ZDZcre;KKym4b:dTTbnb;KNpT6b:iSCite;KgXQpf:pQJdrb;LBgRLc:SdcwHb;LQJKcd:WuS5Ye;MJ6mxb:ubdYZ;Me32dd:MEeYgc;N8ehxe:AKukpf;NAHCGe:mxiOOb;NPKaK:SdcwHb;NSEoX:lazG7b;OOoYAb:Oj9pPe;PRDQhf:ux3mLc;PgXDBd:dm1dhc;Pjplud:EEDORb;QGR0gd:Mlhmy;QhhnXd:UqJYYe;RRwdt:gGRuRe;RYWUUc:anescc;Rh5nIc:JScXmc;SIjcAd:jrKD8b;SL22ab:CBRamd;SNUn3:ZwDk9d;SVOR2e:RqS4qe;SVvzme:BPB8ib;ScI3Yc:e7Hzgb;TB8xhd:AGa58c;ULs67c:bdUBJc;Up9aO:kY43Sc;Uvc8o:VDovNc;V7j7Sb:stsTjb;VJwZIe:q5U1uf;X6zUkd:u0z0vd;XSYl9e:GNVVIb;YBlgBf:LMo5Id;YIZmRd:A1yn5d;Ycdno:rkQZze;YfZO5c:CVuqWd;ZE1Tgd:kZF9ne;ZGeKvd:rb5w8b;ZaFVgc:wOWhl;ZjyI3e:W2v6fc;a56pNe:JEfCwb;aPdIxb:F52gIc;bS8oAe:Kimhwf;brg6Gd:TlvL3b;cEt90b:ws9Tlc;cFl0Ie:PWJipc;cJj1Kd:A5k23d;cYTQve:GhXhl;cgbTHc:G8ycZ;dDPGef:IiQq4e;dIoSBb:SpsfSb;dYFttf:ZRxAzc;dowIGb:ebZ3mb;eBAeSb:zbML3c;esl3oe:Qz2vJf;fdbGyc:uIig3b;g2wfV:DcDVld;gAClPb:ghdkwd;giw6qf:E7GzYd;hgud7d:GNh0Qc;hoquJe:EjBUIf;iFQyKf:QIhFr;iKsOgb:cWjcJb;jRrT5d:EHUI2d;jtBjNe:dWHZee;kNqx7b:gzp7wb;kqpyR:qIJF2;l4RAwd:h5Fnie;l6twR:Fvyyad;lJ7cgb:Erp0q;lOO0Vd:OTA3Ae;lx9iFf:nVFiIc;m4bwx:htQxyf;nAFL3:s39S4;oFd48c:l7VM1e;oGtAuc:sOXFj;p0iB4:VQhtq;pXdRYb:MdUzUe;qSBODf:H8X5pc;qafBPd:yDVVkb;qddgKe:xQtZb;qgOdad:vko54d;rUAape:NePQb;rWx8Cc:DxgUF;rarsed:Mb2qyd;rpiri:tZyrxe;sgnAWd:HkSoT;ssiZFc:BhQ85d;vKM7Jb:cWjcJb;w1T0Td:xpWMVc;wR5FRb:O1Gjze;x2i2de:zeWni;x4CZme:lCtfC;xbOSgd:e5G55;xqZiqf:wmnU7d;ye9FMd:KC9GA;yxTchf:KUM7Z;zBvUNc:fT8Mbb;zJxI2:kxz7Nb;zxnPse:GkRiKb/m=ws9Tlc,n73qwf,GkRiKb,e5qFLc,IZT63,UUJqVe,O1Gjze,xUdipf,ZDZcre,OTA3Ae,ZwDk9d,RyvaUb,mI3LFb,XU5LFb,m9oV,hl,P6sQOc,QcfBve,mzzZzc,rCcCxc,mSX26d,WO9ee,JGjVRe,en2VH,ALJJub,ncpZGe,kRDR8c,H9H6ie,sszRX,FU117c,QQnX0,uHu91b,kgMFLe,hKCjub,CJeEuc,O6y8ed,PrPYRd,MpJwZc,NwH0H,V3dDOb,lazG7b,Ivl8bd,g9HNd,XVMNvd,L1AAkb,KUM7Z,Fl2dbf,s39S4,lwddkf,gychg,w9hDv,RMhBfe,SdcwHb,aW3pY,texUgd,pw70Gc,EFQ78c,Ulmmrd,A7fCU,mdR7q,wmnU7d,xQtZb,FSOnAf,gJzDyc,JNoxi,MI6k7c,kjKdXe,BVgquf,QIhFr,lfpdyf,hKSk3e,hc6Ubd,SpsfSb,Z5uLle,MdUzUe,zbML3c,zr1jrb,Uas9Hd,pjICDe?wli=MeetingsUi.UQXc0fDD8eQ.loadAudioAnalyzer.O%3A%3BMeetingsUi.JyPCFxi88JU.loadNetEqLyraWrapper.O%3A%3BMeetingsUi.FZolhQ_o0c8.loadNetEqWrapper.O%3A%3B (4244)
[77385:259:0313/145657.615595:WARNING:capture_device_ranking.h(255)] Can't initialize the value of media.audio_input.user_preference_ranking because media.default_audio_capture_device isn't registered or is empty
[77385:259:0313/145657.615784:WARNING:capture_device_ranking.h(255)] Can't initialize the value of media.video_input.user_preference_ranking because media.default_video_capture_Device isn't registered or is empty
[77385:259:0313/145657.615804:WARNING:capture_device_ranking.h(255)] Can't initialize the value of media.audio_input.user_preference_ranking because media.default_audio_capture_device isn't registered or is empty
[77385:259:0313/145657.615811:WARNING:capture_device_ranking.h(255)] Can't initialize the value of media.video_input.user_preference_ranking because media.default_video_capture_Device isn't registered or is empty
[77385:259:0313/145657.615819:WARNING:capture_device_ranking.h(255)] Can't initialize the value of media.audio_input.user_preference_ranking because media.default_audio_capture_device isn't registered or is empty
[77385:259:0313/145657.615825:WARNING:capture_device_ranking.h(255)] Can't initialize the value of media.video_input.user_preference_ranking because media.default_video_capture_Device isn't registered or is empty
[77385:259:0313/145657.617449:WARNING:capture_device_ranking.h(255)] Can't initialize the value of media.audio_input.user_preference_ranking because media.default_audio_capture_device isn't registered or is empty
[77385:259:0313/145657.617465:WARNING:capture_device_ranking.h(255)] Can't initialize the value of media.video_input.user_preference_ranking because media.default_video_capture_Device isn't registered or is empty
[77385:259:0313/145657.618329:WARNING:capture_device_ranking.h(255)] Can't initialize the value of media.audio_input.user_preference_ranking because media.default_audio_capture_device isn't registered or is empty
[77385:259:0313/145657.618353:WARNING:capture_device_ranking.h(255)] Can't initialize the value of media.video_input.user_preference_ranking because media.default_video_capture_Device isn't registered or is empty
[77385:259:0313/145657.619818:WARNING:capture_device_ranking.h(255)] Can't initialize the value of media.audio_input.user_preference_ranking because media.default_audio_capture_device isn't registered or is empty
[77385:259:0313/145657.619838:WARNING:capture_device_ranking.h(255)] Can't initialize the value of media.video_input.user_preference_ranking because media.default_video_capture_Device isn't registered or is empty
[77385:259:0313/145657.629098:WARNING:capture_device_ranking.h(255)] Can't initialize the value of media.audio_input.user_preference_ranking because media.default_audio_capture_device isn't registered or is empty
[77385:259:0313/145657.858237:WARNING:capture_device_ranking.h(255)] Can't initialize the value of media.video_input.user_preference_ranking because media.default_video_capture_Device isn't registered or is empty
[77385:259:0313/145657.887835:WARNING:capture_device_ranking.h(255)] Can't initialize the value of media.audio_input.user_preference_ranking because media.default_audio_capture_device isn't registered or is empty
[77385:259:0313/145657.887871:WARNING:capture_device_ranking.h(255)] Can't initialize the value of media.video_input.user_preference_ranking because media.default_video_capture_Device isn't registered or is empty
[77385:259:0313/145658.289841:WARNING:capture_device_ranking.h(255)] Can't initialize the value of media.audio_input.user_preference_ranking because media.default_audio_capture_device isn't registered or is empty
[77385:259:0313/145658.289880:WARNING:capture_device_ranking.h(255)] Can't initialize the value of media.video_input.user_preference_ranking because media.default_video_capture_Device isn't registered or is empty
[77392:11267:0313/145701.784296:WARNING:sqlite_persistent_store_backend_base.cc(198)] Failed to post task from FlushAndNotifyInBackground@net/extras/sqlite/sqlite_persistent_store_backend_base.cc:248 to client_task_runner_.
[77392:11267:0313/145701.789854:WARNING:sqlite_persistent_store_backend_base.cc(198)] Failed to post task from FlushAndNotifyInBackground@net/extras/sqlite/sqlite_persistent_store_backend_base.cc:248 to client_task_runner_.
